nohup: ignoring input
EJECUTANDO: procesamiento_datos.py
EJECUCION TERMINADA: procesamiento_datos.py
EJECUTANDO: split.py
EJECUCION TERMINADA: split.py
epoca: 1.1, loss: 1411.42578125, tiempo: 17.33286714553833
epoca: 1.2, loss: 466.18255615234375, tiempo: 34.986737966537476
epoca: 1.3, loss: 594.59716796875, tiempo: 53.63233137130737
epoca: 1.4, loss: 665.431884765625, tiempo: 71.44982481002808
epoca: 1.5, loss: 737.9979248046875, tiempo: 90.27409338951111
epoca: 1.6, loss: 619.7583618164062, tiempo: 108.48473262786865
epoca: 1.7, loss: 512.225341796875, tiempo: 126.63091039657593
epoca: 1.8, loss: 467.0467529296875, tiempo: 144.75537014007568
epoca: 1.9, loss: 457.20709228515625, tiempo: 163.6104612350464
epoca: 1.10, loss: 487.8204345703125, tiempo: 182.1195456981659
epoca: 1.11, loss: 460.22235107421875, tiempo: 200.22415447235107
epoca: 1.12, loss: 443.9837646484375, tiempo: 217.88017058372498
epoca: 1.13, loss: 518.916259765625, tiempo: 235.84767889976501
epoca: 1.14, loss: 402.7572326660156, tiempo: 254.65476059913635
epoca: 1.15, loss: 430.1554870605469, tiempo: 272.8480427265167
epoca: 1.16, loss: 345.33233642578125, tiempo: 290.78278636932373
epoca: 1.17, loss: 289.9783630371094, tiempo: 308.52621054649353
epoca: 1.18, loss: 519.1048583984375, tiempo: 326.43090438842773
epoca: 1.19, loss: 255.7437744140625, tiempo: 344.3454532623291
epoca: 1.20, loss: 334.71759033203125, tiempo: 362.98410987854004
epoca: 1.21, loss: 343.7172546386719, tiempo: 380.77739357948303
epoca: 1.22, loss: 295.89996337890625, tiempo: 398.51595664024353
epoca: 1.23, loss: 353.59228515625, tiempo: 416.4086401462555
epoca: 1.24, loss: 291.7701721191406, tiempo: 434.3345446586609
epoca: 1.25, loss: 280.3270263671875, tiempo: 452.26445960998535
epoca: 1.26, loss: 309.3435974121094, tiempo: 470.97179436683655
epoca: 1.27, loss: 250.77322387695312, tiempo: 488.7773485183716
epoca: 1.28, loss: 219.760009765625, tiempo: 506.60951137542725
epoca: 1.29, loss: 206.47500610351562, tiempo: 524.5962677001953
epoca: 1.30, loss: 197.89617919921875, tiempo: 542.5258040428162
epoca: 1.31, loss: 228.66262817382812, tiempo: 560.7493028640747
epoca: 1.32, loss: 213.16952514648438, tiempo: 579.609851360321
epoca: 1.33, loss: 213.376953125, tiempo: 598.0359108448029
epoca: 1.34, loss: 189.4300537109375, tiempo: 615.6694068908691
epoca: 2.1, loss: 148.7532958984375, tiempo: 633.5593111515045
epoca: 2.2, loss: 155.47132873535156, tiempo: 650.9186632633209
epoca: 2.3, loss: 163.62518310546875, tiempo: 669.9425718784332
epoca: 2.4, loss: 116.99500274658203, tiempo: 687.5373044013977
epoca: 2.5, loss: 92.81733703613281, tiempo: 704.1751275062561
epoca: 2.6, loss: 135.7459259033203, tiempo: 720.8619291782379
epoca: 2.7, loss: 136.58071899414062, tiempo: 737.831640958786
epoca: 2.8, loss: 101.1158447265625, tiempo: 754.8630945682526
epoca: 2.9, loss: 155.56195068359375, tiempo: 772.7963604927063
epoca: 2.10, loss: 129.23138427734375, tiempo: 789.9884886741638
epoca: 2.11, loss: 101.2879638671875, tiempo: 807.2977287769318
epoca: 2.12, loss: 143.20579528808594, tiempo: 824.6379783153534
epoca: 2.13, loss: 94.44464111328125, tiempo: 841.8828451633453
epoca: 2.14, loss: 209.82513427734375, tiempo: 858.7146532535553
epoca: 2.15, loss: 81.62386322021484, tiempo: 877.2318978309631
epoca: 2.16, loss: 132.62509155273438, tiempo: 895.1828789710999
epoca: 2.17, loss: 108.31655883789062, tiempo: 912.9752416610718
epoca: 2.18, loss: 123.95038604736328, tiempo: 930.9748983383179
epoca: 2.19, loss: 84.50364685058594, tiempo: 948.9947941303253
epoca: 2.20, loss: 83.77544403076172, tiempo: 967.7457985877991
epoca: 2.21, loss: 104.43316650390625, tiempo: 985.1582274436951
epoca: 2.22, loss: 98.76913452148438, tiempo: 1003.0963020324707
epoca: 2.23, loss: 97.6566390991211, tiempo: 1021.0589287281036
epoca: 2.24, loss: 127.44755554199219, tiempo: 1039.0150487422943
epoca: 2.25, loss: 72.3459243774414, tiempo: 1056.986648797989
epoca: 2.26, loss: 101.41950225830078, tiempo: 1075.5080921649933
epoca: 2.27, loss: 87.26490783691406, tiempo: 1093.4821343421936
epoca: 2.28, loss: 114.35426330566406, tiempo: 1111.4423122406006
epoca: 2.29, loss: 112.80549621582031, tiempo: 1129.3998880386353
epoca: 2.30, loss: 145.6354217529297, tiempo: 1147.3589267730713
epoca: 2.31, loss: 87.17835998535156, tiempo: 1165.3577675819397
epoca: 2.32, loss: 93.43008422851562, tiempo: 1184.0790832042694
epoca: 2.33, loss: 93.4658203125, tiempo: 1202.2368881702423
epoca: 2.34, loss: 72.95722961425781, tiempo: 1220.7164368629456
epoca: 3.1, loss: 116.06434631347656, tiempo: 1239.3637132644653
epoca: 3.2, loss: 73.69933319091797, tiempo: 1256.366732120514
epoca: 3.3, loss: 100.12622833251953, tiempo: 1273.5552442073822
epoca: 3.4, loss: 88.69043731689453, tiempo: 1291.7394120693207
epoca: 3.5, loss: 121.26197052001953, tiempo: 1308.7771615982056
epoca: 3.6, loss: 71.2061767578125, tiempo: 1326.8008089065552
epoca: 3.7, loss: 80.945068359375, tiempo: 1345.3623671531677
epoca: 3.8, loss: 92.16201782226562, tiempo: 1363.422482252121
epoca: 3.9, loss: 89.70706176757812, tiempo: 1382.2152528762817
epoca: 3.10, loss: 119.17477416992188, tiempo: 1400.215009212494
epoca: 3.11, loss: 66.91484069824219, tiempo: 1418.1080105304718
epoca: 3.12, loss: 80.24208068847656, tiempo: 1436.079551935196
epoca: 3.13, loss: 119.28689575195312, tiempo: 1453.8103699684143
epoca: 3.14, loss: 57.912872314453125, tiempo: 1471.7347071170807
epoca: 3.15, loss: 47.79301452636719, tiempo: 1490.2350132465363
epoca: 3.16, loss: 76.09994506835938, tiempo: 1507.968905210495
epoca: 3.17, loss: 81.35470581054688, tiempo: 1525.7154450416565
epoca: 3.18, loss: 61.81562805175781, tiempo: 1543.5465598106384
epoca: 3.19, loss: 56.76885223388672, tiempo: 1561.366578578949
epoca: 3.20, loss: 65.30615997314453, tiempo: 1579.0982270240784
epoca: 3.21, loss: 39.467201232910156, tiempo: 1597.6017055511475
epoca: 3.22, loss: 62.9484748840332, tiempo: 1615.3509047031403
epoca: 3.23, loss: 66.567626953125, tiempo: 1632.8352060317993
epoca: 3.24, loss: 66.1346435546875, tiempo: 1650.5823941230774
epoca: 3.25, loss: 56.64822006225586, tiempo: 1668.3243033885956
epoca: 3.26, loss: 45.23822021484375, tiempo: 1686.901275396347
epoca: 3.27, loss: 65.45726013183594, tiempo: 1704.6271686553955
epoca: 3.28, loss: 57.39527130126953, tiempo: 1722.3313183784485
epoca: 3.29, loss: 60.440494537353516, tiempo: 1740.0062763690948
epoca: 3.30, loss: 67.21824645996094, tiempo: 1757.6972088813782
epoca: 3.31, loss: 36.86622619628906, tiempo: 1775.370266199112
epoca: 3.32, loss: 24.789962768554688, tiempo: 1793.7428500652313
epoca: 3.33, loss: 40.45035171508789, tiempo: 1811.3785002231598
epoca: 3.34, loss: 29.743751525878906, tiempo: 1829.0164234638214
epoca: 4.1, loss: 58.40284729003906, tiempo: 1847.14280295372
epoca: 4.2, loss: 43.14102554321289, tiempo: 1865.0782942771912
epoca: 4.3, loss: 37.19746780395508, tiempo: 1883.0223541259766
epoca: 4.4, loss: 31.37565040588379, tiempo: 1901.8858575820923
epoca: 4.5, loss: 37.83004379272461, tiempo: 1919.782722234726
epoca: 4.6, loss: 24.55429458618164, tiempo: 1937.5812389850616
epoca: 4.7, loss: 40.53413391113281, tiempo: 1955.4061439037323
epoca: 4.8, loss: 29.79436492919922, tiempo: 1973.1945624351501
epoca: 4.9, loss: 36.565216064453125, tiempo: 1991.2630560398102
epoca: 4.10, loss: 31.42324447631836, tiempo: 2010.5448637008667
epoca: 4.11, loss: 26.530864715576172, tiempo: 2028.5310277938843
epoca: 4.12, loss: 34.70071029663086, tiempo: 2046.7005398273468
epoca: 4.13, loss: 25.799407958984375, tiempo: 2064.4867780208588
epoca: 4.14, loss: 25.570730209350586, tiempo: 2082.3824920654297
epoca: 4.15, loss: 29.509597778320312, tiempo: 2101.17803812027
epoca: 4.16, loss: 29.571727752685547, tiempo: 2119.0605800151825
epoca: 4.17, loss: 19.713394165039062, tiempo: 2136.958403110504
epoca: 4.18, loss: 22.878719329833984, tiempo: 2154.688911676407
epoca: 4.19, loss: 15.896495819091797, tiempo: 2172.592922925949
epoca: 4.20, loss: 24.537639617919922, tiempo: 2190.3704874515533
epoca: 4.21, loss: 19.228965759277344, tiempo: 2209.053729057312
epoca: 4.22, loss: 32.0509033203125, tiempo: 2226.8842227458954
epoca: 4.23, loss: 33.98234558105469, tiempo: 2244.729986190796
epoca: 4.24, loss: 22.124345779418945, tiempo: 2262.590302467346
epoca: 4.25, loss: 30.020849227905273, tiempo: 2280.6810014247894
epoca: 4.26, loss: 23.158645629882812, tiempo: 2298.5246415138245
epoca: 4.27, loss: 20.230998992919922, tiempo: 2316.979165315628
epoca: 4.28, loss: 26.58290672302246, tiempo: 2334.879762172699
epoca: 4.29, loss: 26.202625274658203, tiempo: 2352.8352155685425
epoca: 4.30, loss: 22.279123306274414, tiempo: 2371.4549927711487
epoca: 4.31, loss: 32.86223602294922, tiempo: 2389.485761642456
epoca: 4.32, loss: 28.37145233154297, tiempo: 2408.8226339817047
epoca: 4.33, loss: 20.582721710205078, tiempo: 2426.695431947708
epoca: 4.34, loss: 21.214570999145508, tiempo: 2444.715719938278
epoca: 5.1, loss: 17.878341674804688, tiempo: 2462.463917016983
epoca: 5.2, loss: 15.104713439941406, tiempo: 2479.6564512252808
epoca: 5.3, loss: 17.419734954833984, tiempo: 2496.9258716106415
epoca: 5.4, loss: 15.89783000946045, tiempo: 2514.9973907470703
epoca: 5.5, loss: 28.198833465576172, tiempo: 2532.867478609085
epoca: 5.6, loss: 29.40705680847168, tiempo: 2551.04679274559
epoca: 5.7, loss: 20.633255004882812, tiempo: 2568.9476902484894
epoca: 5.8, loss: 20.650779724121094, tiempo: 2586.184287548065
epoca: 5.9, loss: 30.57483673095703, tiempo: 2603.470757961273
epoca: 5.10, loss: 19.359607696533203, tiempo: 2621.5178532600403
epoca: 5.11, loss: 21.02691078186035, tiempo: 2638.773612976074
epoca: 5.12, loss: 17.797443389892578, tiempo: 2656.173506259918
epoca: 5.13, loss: 23.537986755371094, tiempo: 2674.0003464221954
epoca: 5.14, loss: 32.962562561035156, tiempo: 2692.10684967041
epoca: 5.15, loss: 34.51249694824219, tiempo: 2710.1355969905853
epoca: 5.16, loss: 40.18487548828125, tiempo: 2728.938965320587
epoca: 5.17, loss: 22.44989013671875, tiempo: 2746.8802723884583
epoca: 5.18, loss: 18.761146545410156, tiempo: 2764.889673948288
epoca: 5.19, loss: 12.299223899841309, tiempo: 2782.879405260086
epoca: 5.20, loss: 17.977745056152344, tiempo: 2800.8457415103912
epoca: 5.21, loss: 17.517349243164062, tiempo: 2818.7624084949493
epoca: 5.22, loss: 10.383657455444336, tiempo: 2836.744280576706
epoca: 5.23, loss: 16.472278594970703, tiempo: 2853.941529273987
epoca: 5.24, loss: 22.720394134521484, tiempo: 2871.902548313141
epoca: 5.25, loss: 22.21122932434082, tiempo: 2889.8751192092896
epoca: 5.26, loss: 24.10601043701172, tiempo: 2907.8347883224487
epoca: 5.27, loss: 29.535259246826172, tiempo: 2926.5223863124847
epoca: 5.28, loss: 17.83803939819336, tiempo: 2944.5663199424744
epoca: 5.29, loss: 16.517248153686523, tiempo: 2961.526371717453
epoca: 5.30, loss: 20.37512969970703, tiempo: 2978.7942638397217
epoca: 5.31, loss: 12.362789154052734, tiempo: 2996.1111142635345
epoca: 5.32, loss: 26.491897583007812, tiempo: 3014.089364528656
epoca: 5.33, loss: 24.847366333007812, tiempo: 3032.830888748169
epoca: 5.34, loss: 31.73786163330078, tiempo: 3051.0393545627594
epoca: 6.1, loss: 16.619632720947266, tiempo: 3069.735879421234
epoca: 6.2, loss: 14.058883666992188, tiempo: 3087.038388967514
epoca: 6.3, loss: 24.327001571655273, tiempo: 3104.337144613266
epoca: 6.4, loss: 20.55754852294922, tiempo: 3121.3811933994293
epoca: 6.5, loss: 17.27460479736328, tiempo: 3139.6697568893433
epoca: 6.6, loss: 21.49134635925293, tiempo: 3157.730577468872
epoca: 6.7, loss: 15.977206230163574, tiempo: 3175.7078461647034
epoca: 6.8, loss: 15.247137069702148, tiempo: 3192.7243399620056
epoca: 6.9, loss: 15.673450469970703, tiempo: 3209.9715700149536
epoca: 6.10, loss: 21.09747314453125, tiempo: 3228.2450466156006
epoca: 6.11, loss: 9.463895797729492, tiempo: 3245.504415988922
epoca: 6.12, loss: 39.745880126953125, tiempo: 3262.8624107837677
epoca: 6.13, loss: 28.09667205810547, tiempo: 3280.2804613113403
epoca: 6.14, loss: 14.060449600219727, tiempo: 3297.6415209770203
epoca: 6.15, loss: 21.267168045043945, tiempo: 3315.8735163211823
epoca: 6.16, loss: 17.075185775756836, tiempo: 3334.4932367801666
epoca: 6.17, loss: 22.57301902770996, tiempo: 3352.7528762817383
epoca: 6.18, loss: 20.819671630859375, tiempo: 3371.002120733261
epoca: 6.19, loss: 30.468414306640625, tiempo: 3389.1963391304016
epoca: 6.20, loss: 21.15655517578125, tiempo: 3407.3670239448547
epoca: 6.21, loss: 19.997177124023438, tiempo: 3426.3687949180603
epoca: 6.22, loss: 23.110675811767578, tiempo: 3444.5929646492004
epoca: 6.23, loss: 21.509197235107422, tiempo: 3462.72114777565
epoca: 6.24, loss: 25.585678100585938, tiempo: 3481.0137503147125
epoca: 6.25, loss: 15.15479564666748, tiempo: 3499.240832090378
epoca: 6.26, loss: 23.815824508666992, tiempo: 3517.239586830139
epoca: 6.27, loss: 27.847557067871094, tiempo: 3536.2815461158752
epoca: 6.28, loss: 23.86526870727539, tiempo: 3554.3133850097656
epoca: 6.29, loss: 16.32023811340332, tiempo: 3572.608145713806
epoca: 6.30, loss: 17.334667205810547, tiempo: 3590.692605495453
epoca: 6.31, loss: 22.363996505737305, tiempo: 3608.663170337677
epoca: 6.32, loss: 23.535297393798828, tiempo: 3627.047419309616
epoca: 6.33, loss: 15.511739730834961, tiempo: 3645.923254966736
epoca: 6.34, loss: 20.51003646850586, tiempo: 3663.701539516449
epoca: 7.1, loss: 13.864778518676758, tiempo: 3682.7068135738373
epoca: 7.2, loss: 16.614700317382812, tiempo: 3700.8303973674774
epoca: 7.3, loss: 21.306739807128906, tiempo: 3719.041024208069
epoca: 7.4, loss: 15.612605094909668, tiempo: 3736.813486099243
epoca: 7.5, loss: 21.936126708984375, tiempo: 3756.0059819221497
epoca: 7.6, loss: 11.86630630493164, tiempo: 3773.6249511241913
epoca: 7.7, loss: 30.52704429626465, tiempo: 3791.606813430786
epoca: 7.8, loss: 22.059846878051758, tiempo: 3809.2744464874268
epoca: 7.9, loss: 22.561620712280273, tiempo: 3826.6135170459747
epoca: 7.10, loss: 20.317777633666992, tiempo: 3845.2443432807922
epoca: 7.11, loss: 19.989032745361328, tiempo: 3862.924672603607
epoca: 7.12, loss: 15.61235237121582, tiempo: 3880.7100732326508
epoca: 7.13, loss: 26.953718185424805, tiempo: 3898.439021587372
epoca: 7.14, loss: 17.172975540161133, tiempo: 3916.1614241600037
epoca: 7.15, loss: 17.420223236083984, tiempo: 3934.193377971649
epoca: 7.16, loss: 25.436275482177734, tiempo: 3953.060966730118
epoca: 7.17, loss: 20.899234771728516, tiempo: 3971.3343510627747
epoca: 7.18, loss: 25.19758415222168, tiempo: 3989.6095452308655
epoca: 7.19, loss: 19.85955047607422, tiempo: 4007.922144174576
epoca: 7.20, loss: 24.85129165649414, tiempo: 4025.9624075889587
epoca: 7.21, loss: 26.003129959106445, tiempo: 4044.2740647792816
epoca: 7.22, loss: 15.242358207702637, tiempo: 4063.272590637207
epoca: 7.23, loss: 16.766883850097656, tiempo: 4081.5201423168182
epoca: 7.24, loss: 26.360023498535156, tiempo: 4099.795854568481
epoca: 7.25, loss: 14.968791961669922, tiempo: 4117.973835945129
epoca: 7.26, loss: 20.020383834838867, tiempo: 4136.124906539917
epoca: 7.27, loss: 16.97859764099121, tiempo: 4154.315354824066
epoca: 7.28, loss: 12.038656234741211, tiempo: 4173.237345695496
epoca: 7.29, loss: 14.581064224243164, tiempo: 4191.355673551559
epoca: 7.30, loss: 24.508941650390625, tiempo: 4209.574056625366
epoca: 7.31, loss: 21.609031677246094, tiempo: 4228.277656078339
epoca: 7.32, loss: 20.49632453918457, tiempo: 4246.475016832352
epoca: 7.33, loss: 16.590869903564453, tiempo: 4265.399936914444
epoca: 7.34, loss: 27.725173950195312, tiempo: 4283.5663204193115
epoca: 8.1, loss: 11.582942962646484, tiempo: 4302.307143449783
epoca: 8.2, loss: 14.494287490844727, tiempo: 4319.56814789772
epoca: 8.3, loss: 16.431028366088867, tiempo: 4337.1392142772675
epoca: 8.4, loss: 22.49180030822754, tiempo: 4354.351361274719
epoca: 8.5, loss: 18.701038360595703, tiempo: 4372.579544305801
epoca: 8.6, loss: 16.967681884765625, tiempo: 4389.745578527451
epoca: 8.7, loss: 18.07904052734375, tiempo: 4407.93470454216
epoca: 8.8, loss: 24.076236724853516, tiempo: 4425.985894203186
epoca: 8.9, loss: 17.350265502929688, tiempo: 4443.486286401749
epoca: 8.10, loss: 31.37793731689453, tiempo: 4461.018203496933
epoca: 8.11, loss: 22.372270584106445, tiempo: 4479.442682504654
epoca: 8.12, loss: 18.199466705322266, tiempo: 4497.072860479355
epoca: 8.13, loss: 20.151512145996094, tiempo: 4515.038177251816
epoca: 8.14, loss: 15.295207977294922, tiempo: 4533.046662092209
epoca: 8.15, loss: 20.042545318603516, tiempo: 4551.249509572983
epoca: 8.16, loss: 30.024166107177734, tiempo: 4569.844951629639
epoca: 8.17, loss: 16.46206283569336, tiempo: 4588.036753416061
epoca: 8.18, loss: 21.202152252197266, tiempo: 4606.019264936447
epoca: 8.19, loss: 21.660175323486328, tiempo: 4624.02734708786
epoca: 8.20, loss: 13.73447036743164, tiempo: 4642.219346523285
epoca: 8.21, loss: 16.52621841430664, tiempo: 4660.415245056152
epoca: 8.22, loss: 11.971490859985352, tiempo: 4679.162138938904
epoca: 8.23, loss: 17.462900161743164, tiempo: 4697.428986310959
epoca: 8.24, loss: 15.709716796875, tiempo: 4715.530337095261
epoca: 8.25, loss: 14.970220565795898, tiempo: 4733.575167179108
epoca: 8.26, loss: 12.651041030883789, tiempo: 4751.627286434174
epoca: 8.27, loss: 19.07145118713379, tiempo: 4769.62757229805
epoca: 8.28, loss: 20.127777099609375, tiempo: 4788.561676740646
epoca: 8.29, loss: 18.131744384765625, tiempo: 4806.818514108658
epoca: 8.30, loss: 19.893207550048828, tiempo: 4824.879595279694
epoca: 8.31, loss: 20.325864791870117, tiempo: 4842.807112932205
epoca: 8.32, loss: 16.610092163085938, tiempo: 4860.745722055435
epoca: 8.33, loss: 25.46405792236328, tiempo: 4879.793354034424
epoca: 8.34, loss: 32.383445739746094, tiempo: 4897.96208024025
epoca: 9.1, loss: 12.973556518554688, tiempo: 4916.825257062912
epoca: 9.2, loss: 15.958524703979492, tiempo: 4934.001742362976
epoca: 9.3, loss: 19.98491668701172, tiempo: 4951.973172187805
epoca: 9.4, loss: 22.833030700683594, tiempo: 4970.145565748215
epoca: 9.5, loss: 20.899765014648438, tiempo: 4988.48138999939
epoca: 9.6, loss: 20.18355369567871, tiempo: 5005.987797498703
epoca: 9.7, loss: 22.45071029663086, tiempo: 5023.5466566085815
epoca: 9.8, loss: 21.330686569213867, tiempo: 5041.824735403061
epoca: 9.9, loss: 25.98141098022461, tiempo: 5059.373787879944
epoca: 9.10, loss: 18.23348617553711, tiempo: 5077.001027345657
epoca: 9.11, loss: 22.56961441040039, tiempo: 5095.310413360596
epoca: 9.12, loss: 16.06938934326172, tiempo: 5113.035671949387
epoca: 9.13, loss: 11.989867210388184, tiempo: 5130.7017459869385
epoca: 9.14, loss: 28.453977584838867, tiempo: 5148.502809047699
epoca: 9.15, loss: 16.610427856445312, tiempo: 5165.716883659363
epoca: 9.16, loss: 11.445399284362793, tiempo: 5183.618314743042
epoca: 9.17, loss: 24.778324127197266, tiempo: 5202.488452911377
epoca: 9.18, loss: 19.981796264648438, tiempo: 5220.285646438599
epoca: 9.19, loss: 23.791236877441406, tiempo: 5238.283123254776
epoca: 9.20, loss: 18.343021392822266, tiempo: 5256.161503314972
epoca: 9.21, loss: 15.22972297668457, tiempo: 5274.130237340927
epoca: 9.22, loss: 26.1766357421875, tiempo: 5292.946179389954
epoca: 9.23, loss: 21.489099502563477, tiempo: 5310.979750871658
epoca: 9.24, loss: 9.256546020507812, tiempo: 5328.943004131317
epoca: 9.25, loss: 16.290563583374023, tiempo: 5346.925963401794
epoca: 9.26, loss: 11.079324722290039, tiempo: 5364.899030685425
epoca: 9.27, loss: 9.338253021240234, tiempo: 5382.871377706528
epoca: 9.28, loss: 13.888315200805664, tiempo: 5401.343500375748
epoca: 9.29, loss: 11.182384490966797, tiempo: 5419.258300542831
epoca: 9.30, loss: 26.843841552734375, tiempo: 5437.190760374069
epoca: 9.31, loss: 14.65576171875, tiempo: 5455.147813081741
epoca: 9.32, loss: 10.369110107421875, tiempo: 5473.24550819397
epoca: 9.33, loss: 24.350723266601562, tiempo: 5491.252179145813
epoca: 9.34, loss: 13.213769912719727, tiempo: 5509.59170293808
epoca: 10.1, loss: 14.624824523925781, tiempo: 5527.391714334488
epoca: 10.2, loss: 17.149490356445312, tiempo: 5544.565713405609
epoca: 10.3, loss: 12.908695220947266, tiempo: 5562.522187948227
epoca: 10.4, loss: 8.899532318115234, tiempo: 5579.810339927673
epoca: 10.5, loss: 14.221752166748047, tiempo: 5598.397607564926
epoca: 10.6, loss: 20.759822845458984, tiempo: 5616.348529815674
epoca: 10.7, loss: 22.032651901245117, tiempo: 5634.327744722366
epoca: 10.8, loss: 19.676471710205078, tiempo: 5652.274844884872
epoca: 10.9, loss: 20.971294403076172, tiempo: 5670.19957280159
epoca: 10.10, loss: 18.855178833007812, tiempo: 5688.124294042587
epoca: 10.11, loss: 16.55719757080078, tiempo: 5706.744378089905
epoca: 10.12, loss: 17.467422485351562, tiempo: 5723.813613891602
epoca: 10.13, loss: 16.111520767211914, tiempo: 5740.9914038181305
epoca: 10.14, loss: 16.28139877319336, tiempo: 5757.983381986618
epoca: 10.15, loss: 17.26982879638672, tiempo: 5775.221155405045
epoca: 10.16, loss: 13.465993881225586, tiempo: 5792.564542293549
epoca: 10.17, loss: 15.025983810424805, tiempo: 5811.266265869141
epoca: 10.18, loss: 17.3690185546875, tiempo: 5829.367275714874
epoca: 10.19, loss: 13.800848007202148, tiempo: 5847.350790977478
epoca: 10.20, loss: 29.164840698242188, tiempo: 5865.019984960556
epoca: 10.21, loss: 13.239151000976562, tiempo: 5882.957910776138
epoca: 10.22, loss: 16.936912536621094, tiempo: 5900.935487270355
epoca: 10.23, loss: 25.674907684326172, tiempo: 5919.564525127411
epoca: 10.24, loss: 12.848043441772461, tiempo: 5937.516359806061
epoca: 10.25, loss: 13.50240421295166, tiempo: 5955.528232097626
epoca: 10.26, loss: 11.789403915405273, tiempo: 5973.507127761841
epoca: 10.27, loss: 24.92224884033203, tiempo: 5991.6883800029755
epoca: 10.28, loss: 18.677215576171875, tiempo: 6010.3758907318115
epoca: 10.29, loss: 18.84341812133789, tiempo: 6028.363884925842
epoca: 10.30, loss: 13.743239402770996, tiempo: 6046.332568645477
epoca: 10.31, loss: 26.49014663696289, tiempo: 6064.198916912079
epoca: 10.32, loss: 15.46949291229248, tiempo: 6082.356940984726
epoca: 10.33, loss: 12.24941635131836, tiempo: 6100.446870326996
epoca: 10.34, loss: 17.987173080444336, tiempo: 6118.811629533768
epoca: 11.1, loss: 20.0152645111084, tiempo: 6137.488929748535
epoca: 11.2, loss: 18.561397552490234, tiempo: 6154.722877979279
epoca: 11.3, loss: 22.586835861206055, tiempo: 6172.494668483734
epoca: 11.4, loss: 13.227737426757812, tiempo: 6190.4554698467255
epoca: 11.5, loss: 15.545553207397461, tiempo: 6208.670714139938
epoca: 11.6, loss: 15.096647262573242, tiempo: 6227.607969045639
epoca: 11.7, loss: 18.519365310668945, tiempo: 6245.868595838547
epoca: 11.8, loss: 26.879831314086914, tiempo: 6264.120661973953
epoca: 11.9, loss: 13.982577323913574, tiempo: 6282.894122600555
epoca: 11.10, loss: 17.40087127685547, tiempo: 6301.158165931702
epoca: 11.11, loss: 14.982491493225098, tiempo: 6320.133075237274
epoca: 11.12, loss: 13.619837760925293, tiempo: 6338.1279838085175
epoca: 11.13, loss: 9.976624488830566, tiempo: 6356.117581367493
epoca: 11.14, loss: 12.200042724609375, tiempo: 6374.302134752274
epoca: 11.15, loss: 7.407823085784912, tiempo: 6392.31510925293
epoca: 11.16, loss: 12.382505416870117, tiempo: 6410.342815876007
epoca: 11.17, loss: 15.15325927734375, tiempo: 6429.230233430862
epoca: 11.18, loss: 22.123210906982422, tiempo: 6447.407713890076
epoca: 11.19, loss: 8.444116592407227, tiempo: 6465.624113559723
epoca: 11.20, loss: 5.4503092765808105, tiempo: 6483.594536781311
epoca: 11.21, loss: 16.222885131835938, tiempo: 6501.565656661987
epoca: 11.22, loss: 24.681856155395508, tiempo: 6519.457534790039
epoca: 11.23, loss: 19.983400344848633, tiempo: 6538.072007417679
epoca: 11.24, loss: 9.15444564819336, tiempo: 6556.239775419235
epoca: 11.25, loss: 19.595317840576172, tiempo: 6574.190101861954
epoca: 11.26, loss: 25.037094116210938, tiempo: 6592.179472446442
epoca: 11.27, loss: 14.396315574645996, tiempo: 6610.225454092026
epoca: 11.28, loss: 18.726980209350586, tiempo: 6629.530066490173
epoca: 11.29, loss: 17.157840728759766, tiempo: 6647.494427204132
epoca: 11.30, loss: 18.548011779785156, tiempo: 6665.4923396110535
epoca: 11.31, loss: 16.860279083251953, tiempo: 6683.65927696228
epoca: 11.32, loss: 19.094558715820312, tiempo: 6701.769897937775
epoca: 11.33, loss: 10.53915786743164, tiempo: 6720.018324613571
epoca: 11.34, loss: 13.25539779663086, tiempo: 6738.7298674583435
epoca: 12.1, loss: 16.08998680114746, tiempo: 6757.417769670486
epoca: 12.2, loss: 18.667198181152344, tiempo: 6775.17826628685
epoca: 12.3, loss: 9.837868690490723, tiempo: 6793.061079025269
epoca: 12.4, loss: 17.036762237548828, tiempo: 6811.149260044098
epoca: 12.5, loss: 12.967473030090332, tiempo: 6829.171056270599
epoca: 12.6, loss: 11.949625968933105, tiempo: 6848.287147760391
epoca: 12.7, loss: 12.636175155639648, tiempo: 6866.277641057968
epoca: 12.8, loss: 15.4736967086792, tiempo: 6883.979368686676
epoca: 12.9, loss: 24.501449584960938, tiempo: 6901.950228214264
epoca: 12.10, loss: 13.433732032775879, tiempo: 6919.910191774368
epoca: 12.11, loss: 15.814131736755371, tiempo: 6937.879846811295
epoca: 12.12, loss: 14.852526664733887, tiempo: 6956.786650419235
epoca: 12.13, loss: 13.511087417602539, tiempo: 6975.457125663757
epoca: 12.14, loss: 11.778339385986328, tiempo: 6993.421542644501
epoca: 12.15, loss: 11.287004470825195, tiempo: 7011.274921655655
epoca: 12.16, loss: 14.394204139709473, tiempo: 7028.4619879722595
epoca: 12.17, loss: 18.383882522583008, tiempo: 7046.542532444
epoca: 12.18, loss: 8.668259620666504, tiempo: 7064.487752199173
epoca: 12.19, loss: 21.969589233398438, tiempo: 7082.363518476486
epoca: 12.20, loss: 16.757373809814453, tiempo: 7100.305238723755
epoca: 12.21, loss: 15.107108116149902, tiempo: 7118.463791131973
epoca: 12.22, loss: 11.293492317199707, tiempo: 7136.4577033519745
epoca: 12.23, loss: 19.887313842773438, tiempo: 7154.565689563751
epoca: 12.24, loss: 12.188718795776367, tiempo: 7172.541494846344
epoca: 12.25, loss: 16.125539779663086, tiempo: 7190.705423116684
epoca: 12.26, loss: 14.562899589538574, tiempo: 7208.693865537643
epoca: 12.27, loss: 14.449974060058594, tiempo: 7226.667965173721
epoca: 12.28, loss: 8.110145568847656, tiempo: 7244.86638879776
epoca: 12.29, loss: 18.855255126953125, tiempo: 7263.750381231308
epoca: 12.30, loss: 17.51319122314453, tiempo: 7281.716727972031
epoca: 12.31, loss: 6.645970344543457, tiempo: 7299.69984126091
epoca: 12.32, loss: 11.91767406463623, tiempo: 7317.237181663513
epoca: 12.33, loss: 13.352975845336914, tiempo: 7335.200794935226
epoca: 12.34, loss: 28.448135375976562, tiempo: 7354.211117744446
epoca: 13.1, loss: 7.688065052032471, tiempo: 7372.989766120911
epoca: 13.2, loss: 11.001458168029785, tiempo: 7390.777338981628
epoca: 13.3, loss: 10.013943672180176, tiempo: 7408.012421607971
epoca: 13.4, loss: 13.981230735778809, tiempo: 7425.2163553237915
epoca: 13.5, loss: 16.910198211669922, tiempo: 7442.569881439209
epoca: 13.6, loss: 9.377249717712402, tiempo: 7461.473316192627
epoca: 13.7, loss: 12.557694435119629, tiempo: 7479.369187116623
epoca: 13.8, loss: 15.808573722839355, tiempo: 7497.32127737999
epoca: 13.9, loss: 12.031949996948242, tiempo: 7515.238747835159
epoca: 13.10, loss: 6.447413444519043, tiempo: 7533.159733057022
epoca: 13.11, loss: 17.936756134033203, tiempo: 7551.12433218956
epoca: 13.12, loss: 11.7229642868042, tiempo: 7569.7394053936005
epoca: 13.13, loss: 14.71523666381836, tiempo: 7587.7012548446655
epoca: 13.14, loss: 11.946341514587402, tiempo: 7605.919300556183
epoca: 13.15, loss: 11.338787078857422, tiempo: 7623.945117473602
epoca: 13.16, loss: 11.139217376708984, tiempo: 7641.9712126255035
epoca: 13.17, loss: 17.119953155517578, tiempo: 7660.036568641663
epoca: 13.18, loss: 18.310386657714844, tiempo: 7678.7753846645355
epoca: 13.19, loss: 14.993410110473633, tiempo: 7696.6620173454285
epoca: 13.20, loss: 15.48318862915039, tiempo: 7714.167765855789
epoca: 13.21, loss: 19.20144271850586, tiempo: 7731.700257301331
epoca: 13.22, loss: 9.911569595336914, tiempo: 7749.403510093689
epoca: 13.23, loss: 14.759305953979492, tiempo: 7768.083384275436
epoca: 13.24, loss: 19.036354064941406, tiempo: 7786.056923151016
epoca: 13.25, loss: 9.710801124572754, tiempo: 7804.005558252335
epoca: 13.26, loss: 14.979785919189453, tiempo: 7821.953597068787
epoca: 13.27, loss: 17.10491943359375, tiempo: 7839.930810213089
epoca: 13.28, loss: 11.472145080566406, tiempo: 7857.623845815659
epoca: 13.29, loss: 7.202930450439453, tiempo: 7876.458260536194
epoca: 13.30, loss: 10.667279243469238, tiempo: 7893.94394659996
epoca: 13.31, loss: 14.758358001708984, tiempo: 7911.830891609192
epoca: 13.32, loss: 12.389925956726074, tiempo: 7929.750080347061
epoca: 13.33, loss: 13.506363868713379, tiempo: 7947.132819414139
epoca: 13.34, loss: 14.943296432495117, tiempo: 7964.724003076553
epoca: 14.1, loss: 12.477564811706543, tiempo: 7984.256698131561
epoca: 14.2, loss: 13.524256706237793, tiempo: 8002.117800235748
epoca: 14.3, loss: 7.710625648498535, tiempo: 8019.389075756073
epoca: 14.4, loss: 15.071904182434082, tiempo: 8037.305162191391
epoca: 14.5, loss: 14.20689582824707, tiempo: 8055.242742776871
epoca: 14.6, loss: 13.45470142364502, tiempo: 8074.083101987839
epoca: 14.7, loss: 14.626121520996094, tiempo: 8091.880526781082
epoca: 14.8, loss: 14.241506576538086, tiempo: 8108.985893726349
epoca: 14.9, loss: 12.913323402404785, tiempo: 8125.936866283417
epoca: 14.10, loss: 18.83747100830078, tiempo: 8142.934319019318
epoca: 14.11, loss: 9.717062950134277, tiempo: 8160.065100193024
epoca: 14.12, loss: 15.267057418823242, tiempo: 8178.059977054596
epoca: 14.13, loss: 17.600669860839844, tiempo: 8195.540703058243
epoca: 14.14, loss: 10.02191162109375, tiempo: 8212.675060033798
epoca: 14.15, loss: 14.770428657531738, tiempo: 8229.799945116043
epoca: 14.16, loss: 18.170726776123047, tiempo: 8247.020584106445
epoca: 14.17, loss: 10.28806209564209, tiempo: 8263.983244895935
epoca: 14.18, loss: 15.261917114257812, tiempo: 8282.021656513214
epoca: 14.19, loss: 9.283371925354004, tiempo: 8299.895064115524
epoca: 14.20, loss: 13.376081466674805, tiempo: 8317.885549545288
epoca: 14.21, loss: 8.794243812561035, tiempo: 8335.46980047226
epoca: 14.22, loss: 15.875139236450195, tiempo: 8353.438529014587
epoca: 14.23, loss: 9.766880989074707, tiempo: 8371.392175197601
epoca: 14.24, loss: 10.436626434326172, tiempo: 8389.77034687996
epoca: 14.25, loss: 12.091297149658203, tiempo: 8407.307139396667
epoca: 14.26, loss: 22.497817993164062, tiempo: 8424.928578615189
epoca: 14.27, loss: 8.475984573364258, tiempo: 8441.79372048378
epoca: 14.28, loss: 10.49675178527832, tiempo: 8459.21234703064
epoca: 14.29, loss: 10.789125442504883, tiempo: 8477.903194665909
epoca: 14.30, loss: 13.272867202758789, tiempo: 8495.609091043472
epoca: 14.31, loss: 19.423168182373047, tiempo: 8513.80856847763
epoca: 14.32, loss: 16.40550422668457, tiempo: 8531.979012489319
epoca: 14.33, loss: 8.8777437210083, tiempo: 8550.146436452866
epoca: 14.34, loss: 16.483234405517578, tiempo: 8568.079638242722
epoca: 15.1, loss: 11.702339172363281, tiempo: 8586.85349535942
epoca: 15.2, loss: 17.052127838134766, tiempo: 8604.552746295929
epoca: 15.3, loss: 18.59099769592285, tiempo: 8622.385984659195
epoca: 15.4, loss: 14.637638092041016, tiempo: 8640.56010556221
epoca: 15.5, loss: 10.848091125488281, tiempo: 8658.56119465828
epoca: 15.6, loss: 12.100820541381836, tiempo: 8676.802631616592
epoca: 15.7, loss: 9.207745552062988, tiempo: 8695.494656562805
epoca: 15.8, loss: 18.149267196655273, tiempo: 8713.682529687881
epoca: 15.9, loss: 18.942962646484375, tiempo: 8731.478640556335
epoca: 15.10, loss: 12.874058723449707, tiempo: 8749.471548080444
epoca: 15.11, loss: 12.444345474243164, tiempo: 8767.448449611664
epoca: 15.12, loss: 11.562421798706055, tiempo: 8786.36189365387
epoca: 15.13, loss: 10.618617057800293, tiempo: 8804.39136147499
epoca: 15.14, loss: 7.656519889831543, tiempo: 8822.364491939545
epoca: 15.15, loss: 16.128347396850586, tiempo: 8840.333600282669
epoca: 15.16, loss: 14.227224349975586, tiempo: 8858.59431552887
epoca: 15.17, loss: 13.904560089111328, tiempo: 8876.41883111
epoca: 15.18, loss: 8.075517654418945, tiempo: 8895.014994621277
epoca: 15.19, loss: 15.681828498840332, tiempo: 8911.855715036392
epoca: 15.20, loss: 12.807699203491211, tiempo: 8929.90159869194
epoca: 15.21, loss: 11.730836868286133, tiempo: 8948.07059264183
epoca: 15.22, loss: 11.782922744750977, tiempo: 8965.894791841507
epoca: 15.23, loss: 14.220914840698242, tiempo: 8983.784101724625
epoca: 15.24, loss: 21.683197021484375, tiempo: 9002.580758571625
epoca: 15.25, loss: 13.397207260131836, tiempo: 9020.790121793747
epoca: 15.26, loss: 14.191944122314453, tiempo: 9038.919220685959
epoca: 15.27, loss: 13.588369369506836, tiempo: 9057.109764575958
epoca: 15.28, loss: 10.149382591247559, tiempo: 9075.217427968979
epoca: 15.29, loss: 11.839719772338867, tiempo: 9094.233202457428
epoca: 15.30, loss: 8.296012878417969, tiempo: 9112.4263048172
epoca: 15.31, loss: 10.687207221984863, tiempo: 9130.674074172974
epoca: 15.32, loss: 12.160733222961426, tiempo: 9148.926228284836
epoca: 15.33, loss: 10.58292007446289, tiempo: 9166.514078378677
epoca: 15.34, loss: 17.260692596435547, tiempo: 9184.61891245842
epoca: 16.1, loss: 13.284662246704102, tiempo: 9203.676283121109
epoca: 16.2, loss: 8.366971015930176, tiempo: 9221.353369235992
epoca: 16.3, loss: 9.626072883605957, tiempo: 9239.130395889282
epoca: 16.4, loss: 10.371367454528809, tiempo: 9256.906508684158
epoca: 16.5, loss: 15.970858573913574, tiempo: 9274.897121429443
epoca: 16.6, loss: 14.752869606018066, tiempo: 9293.120338201523
epoca: 16.7, loss: 9.019083976745605, tiempo: 9312.068600416183
epoca: 16.8, loss: 9.702768325805664, tiempo: 9329.616134166718
epoca: 16.9, loss: 12.79241943359375, tiempo: 9347.79527258873
epoca: 16.10, loss: 18.151151657104492, tiempo: 9365.707853078842
epoca: 16.11, loss: 16.16536521911621, tiempo: 9383.589477777481
epoca: 16.12, loss: 7.194952011108398, tiempo: 9401.320017576218
epoca: 16.13, loss: 18.615571975708008, tiempo: 9419.990762233734
epoca: 16.14, loss: 14.257608413696289, tiempo: 9437.097758054733
epoca: 16.15, loss: 7.236067771911621, tiempo: 9455.233986377716
epoca: 16.16, loss: 12.18248462677002, tiempo: 9473.242379426956
epoca: 16.17, loss: 8.119148254394531, tiempo: 9491.589388370514
epoca: 16.18, loss: 14.671449661254883, tiempo: 9510.46240901947
epoca: 16.19, loss: 11.386938095092773, tiempo: 9527.548995494843
epoca: 16.20, loss: 13.576820373535156, tiempo: 9545.66617488861
epoca: 16.21, loss: 7.256033420562744, tiempo: 9563.565583705902
epoca: 16.22, loss: 8.955678939819336, tiempo: 9581.622899770737
epoca: 16.23, loss: 17.335311889648438, tiempo: 9599.565670490265
epoca: 16.24, loss: 18.6859188079834, tiempo: 9618.301754713058
epoca: 16.25, loss: 7.941281795501709, tiempo: 9636.31435084343
epoca: 16.26, loss: 18.198856353759766, tiempo: 9654.304638385773
epoca: 16.27, loss: 11.373735427856445, tiempo: 9672.570937871933
epoca: 16.28, loss: 19.296106338500977, tiempo: 9690.569093465805
epoca: 16.29, loss: 9.912019729614258, tiempo: 9708.508269309998
epoca: 16.30, loss: 17.494140625, tiempo: 9727.425248861313
epoca: 16.31, loss: 10.934993743896484, tiempo: 9745.673047542572
epoca: 16.32, loss: 15.273517608642578, tiempo: 9763.910925388336
epoca: 16.33, loss: 10.85248851776123, tiempo: 9781.965616464615
epoca: 16.34, loss: 4.999699592590332, tiempo: 9799.435353755951
epoca: 17.1, loss: 12.756619453430176, tiempo: 9819.52917098999
epoca: 17.2, loss: 10.778553009033203, tiempo: 9837.636630296707
epoca: 17.3, loss: 9.393364906311035, tiempo: 9855.658769607544
epoca: 17.4, loss: 13.50121021270752, tiempo: 9873.677335500717
epoca: 17.5, loss: 10.8219575881958, tiempo: 9891.489348888397
epoca: 17.6, loss: 9.23401165008545, tiempo: 9909.665014982224
epoca: 17.7, loss: 11.342063903808594, tiempo: 9928.412520885468
epoca: 17.8, loss: 11.899630546569824, tiempo: 9946.509316444397
epoca: 17.9, loss: 12.18603515625, tiempo: 9964.50882101059
epoca: 17.10, loss: 16.38386344909668, tiempo: 9982.647740125656
epoca: 17.11, loss: 8.958168029785156, tiempo: 10000.798317670822
epoca: 17.12, loss: 12.754613876342773, tiempo: 10018.795405387878
epoca: 17.13, loss: 8.416465759277344, tiempo: 10037.479214668274
epoca: 17.14, loss: 8.10738754272461, tiempo: 10055.47771525383
epoca: 17.15, loss: 11.319225311279297, tiempo: 10073.628517627716
epoca: 17.16, loss: 8.18405532836914, tiempo: 10091.749974012375
epoca: 17.17, loss: 8.568300247192383, tiempo: 10109.77496933937
epoca: 17.18, loss: 17.327280044555664, tiempo: 10128.649547815323
epoca: 17.19, loss: 6.56023645401001, tiempo: 10146.613534450531
epoca: 17.20, loss: 15.664777755737305, tiempo: 10164.642431259155
epoca: 17.21, loss: 8.600839614868164, tiempo: 10182.57606291771
epoca: 17.22, loss: 7.114363193511963, tiempo: 10200.566971540451
epoca: 17.23, loss: 8.056868553161621, tiempo: 10218.54212141037
epoca: 17.24, loss: 11.269094467163086, tiempo: 10237.5079703331
epoca: 17.25, loss: 15.7866849899292, tiempo: 10255.380243778229
epoca: 17.26, loss: 11.398923873901367, tiempo: 10273.364300966263
epoca: 17.27, loss: 8.607951164245605, tiempo: 10290.742802858353
epoca: 17.28, loss: 9.755581855773926, tiempo: 10308.564245939255
epoca: 17.29, loss: 14.019367218017578, tiempo: 10326.59173297882
epoca: 17.30, loss: 9.87717056274414, tiempo: 10345.352194309235
epoca: 17.31, loss: 18.610658645629883, tiempo: 10363.403054475784
epoca: 17.32, loss: 20.975067138671875, tiempo: 10381.428985118866
epoca: 17.33, loss: 14.795159339904785, tiempo: 10399.519680261612
epoca: 17.34, loss: 10.305957794189453, tiempo: 10417.600605010986
epoca: 18.1, loss: 12.561321258544922, tiempo: 10436.576452493668
epoca: 18.2, loss: 16.552356719970703, tiempo: 10455.650275945663
epoca: 18.3, loss: 12.240462303161621, tiempo: 10473.683998346329
epoca: 18.4, loss: 13.14633846282959, tiempo: 10491.28254532814
epoca: 18.5, loss: 7.627289772033691, tiempo: 10509.458100318909
epoca: 18.6, loss: 11.008360862731934, tiempo: 10527.499088287354
epoca: 18.7, loss: 14.320296287536621, tiempo: 10546.491002082825
epoca: 18.8, loss: 12.796518325805664, tiempo: 10564.664241313934
epoca: 18.9, loss: 7.565022945404053, tiempo: 10582.710785865784
epoca: 18.10, loss: 12.993067741394043, tiempo: 10600.832335948944
epoca: 18.11, loss: 8.461183547973633, tiempo: 10618.855803728104
epoca: 18.12, loss: 7.562824249267578, tiempo: 10637.00988650322
epoca: 18.13, loss: 10.79764461517334, tiempo: 10655.92713046074
epoca: 18.14, loss: 9.546871185302734, tiempo: 10673.813073635101
epoca: 18.15, loss: 13.92282485961914, tiempo: 10691.808401107788
epoca: 18.16, loss: 7.106743812561035, tiempo: 10709.928437709808
epoca: 18.17, loss: 13.531183242797852, tiempo: 10727.993474245071
epoca: 18.18, loss: 8.124006271362305, tiempo: 10746.04468369484
epoca: 18.19, loss: 9.077240943908691, tiempo: 10764.807352304459
epoca: 18.20, loss: 14.579681396484375, tiempo: 10782.816128969193
epoca: 18.21, loss: 10.31576919555664, tiempo: 10800.91634464264
epoca: 18.22, loss: 17.14358139038086, tiempo: 10818.91225862503
epoca: 18.23, loss: 5.905811786651611, tiempo: 10836.904292345047
epoca: 18.24, loss: 11.02880573272705, tiempo: 10854.867441415787
epoca: 18.25, loss: 9.227632522583008, tiempo: 10873.572948932648
epoca: 18.26, loss: 12.989116668701172, tiempo: 10891.549797534943
epoca: 18.27, loss: 6.453065872192383, tiempo: 10909.562031507492
epoca: 18.28, loss: 8.603248596191406, tiempo: 10927.750931024551
epoca: 18.29, loss: 14.450872421264648, tiempo: 10945.794791698456
epoca: 18.30, loss: 9.698625564575195, tiempo: 10963.68971323967
epoca: 18.31, loss: 7.1330366134643555, tiempo: 10982.545822620392
epoca: 18.32, loss: 9.074993133544922, tiempo: 11000.603546857834
epoca: 18.33, loss: 9.717911720275879, tiempo: 11018.831785917282
epoca: 18.34, loss: 11.808197021484375, tiempo: 11037.250886201859
epoca: 19.1, loss: 11.156021118164062, tiempo: 11056.46072268486
epoca: 19.2, loss: 12.484850883483887, tiempo: 11075.473386764526
epoca: 19.3, loss: 16.59581756591797, tiempo: 11093.82944560051
epoca: 19.4, loss: 7.303128719329834, tiempo: 11112.326671600342
epoca: 19.5, loss: 17.367393493652344, tiempo: 11130.222393512726
epoca: 19.6, loss: 20.959863662719727, tiempo: 11148.257820129395
epoca: 19.7, loss: 11.440458297729492, tiempo: 11166.30339384079
epoca: 19.8, loss: 11.185335159301758, tiempo: 11185.11253786087
epoca: 19.9, loss: 10.956245422363281, tiempo: 11202.99394106865
epoca: 19.10, loss: 12.231524467468262, tiempo: 11221.010220766068
epoca: 19.11, loss: 9.336536407470703, tiempo: 11239.038308143616
epoca: 19.12, loss: 23.38695526123047, tiempo: 11257.015534639359
epoca: 19.13, loss: 6.067027568817139, tiempo: 11275.046240329742
epoca: 19.14, loss: 10.464973449707031, tiempo: 11293.84156370163
epoca: 19.15, loss: 6.555323600769043, tiempo: 11311.790871143341
epoca: 19.16, loss: 9.160062789916992, tiempo: 11329.666197538376
epoca: 19.17, loss: 4.533143043518066, tiempo: 11347.640835523605
epoca: 19.18, loss: 8.503055572509766, tiempo: 11365.626807689667
epoca: 19.19, loss: 6.283185958862305, tiempo: 11384.366146802902
epoca: 19.20, loss: 4.758139610290527, tiempo: 11402.357124567032
epoca: 19.21, loss: 5.658099174499512, tiempo: 11420.396920919418
epoca: 19.22, loss: 5.4891886711120605, tiempo: 11438.376268863678
epoca: 19.23, loss: 12.229887008666992, tiempo: 11456.326851844788
epoca: 19.24, loss: 8.612947463989258, tiempo: 11474.366122722626
epoca: 19.25, loss: 7.088848114013672, tiempo: 11493.084381580353
epoca: 19.26, loss: 10.774293899536133, tiempo: 11511.097029685974
epoca: 19.27, loss: 9.367566108703613, tiempo: 11529.182324409485
epoca: 19.28, loss: 8.734563827514648, tiempo: 11547.075854301453
epoca: 19.29, loss: 9.723773956298828, tiempo: 11565.31709599495
epoca: 19.30, loss: 10.069565773010254, tiempo: 11584.32479763031
epoca: 19.31, loss: 7.656930923461914, tiempo: 11602.431979179382
epoca: 19.32, loss: 20.059648513793945, tiempo: 11620.240353345871
epoca: 19.33, loss: 8.330366134643555, tiempo: 11638.398598194122
epoca: 19.34, loss: 14.377334594726562, tiempo: 11656.888951778412
epoca: 20.1, loss: 16.34561538696289, tiempo: 11675.592740535736
epoca: 20.2, loss: 16.226076126098633, tiempo: 11693.883813142776
epoca: 20.3, loss: 16.829591751098633, tiempo: 11711.41355729103
epoca: 20.4, loss: 6.637585639953613, tiempo: 11729.450381278992
epoca: 20.5, loss: 12.854089736938477, tiempo: 11747.501271724701
epoca: 20.6, loss: 8.645313262939453, tiempo: 11765.543264865875
epoca: 20.7, loss: 10.56879997253418, tiempo: 11783.228024721146
epoca: 20.8, loss: 10.975931167602539, tiempo: 11801.778873682022
epoca: 20.9, loss: 16.429656982421875, tiempo: 11819.836189746857
epoca: 20.10, loss: 10.680959701538086, tiempo: 11838.131618738174
epoca: 20.11, loss: 6.903802394866943, tiempo: 11856.186117172241
epoca: 20.12, loss: 10.200746536254883, tiempo: 11874.13345694542
epoca: 20.13, loss: 7.056892395019531, tiempo: 11892.17066001892
epoca: 20.14, loss: 12.668085098266602, tiempo: 11910.977327108383
epoca: 20.15, loss: 8.471205711364746, tiempo: 11929.660686731339
epoca: 20.16, loss: 11.504992485046387, tiempo: 11947.739854335785
epoca: 20.17, loss: 8.84521484375, tiempo: 11965.789675951004
epoca: 20.18, loss: 11.707773208618164, tiempo: 11983.918876171112
epoca: 20.19, loss: 14.003883361816406, tiempo: 12002.7360060215
epoca: 20.20, loss: 10.483346939086914, tiempo: 12020.781873226166
epoca: 20.21, loss: 8.224376678466797, tiempo: 12038.830254077911
epoca: 20.22, loss: 6.646017551422119, tiempo: 12056.888225317001
epoca: 20.23, loss: 14.900461196899414, tiempo: 12074.939647197723
epoca: 20.24, loss: 9.0502290725708, tiempo: 12093.204832315445
epoca: 20.25, loss: 6.771541595458984, tiempo: 12111.981111764908
epoca: 20.26, loss: 13.208404541015625, tiempo: 12130.051270246506
epoca: 20.27, loss: 10.708950996398926, tiempo: 12148.381299734116
epoca: 20.28, loss: 13.78661823272705, tiempo: 12166.637349367142
epoca: 20.29, loss: 14.454710960388184, tiempo: 12184.674103021622
epoca: 20.30, loss: 17.430143356323242, tiempo: 12202.691781520844
epoca: 20.31, loss: 10.340489387512207, tiempo: 12221.486238002777
epoca: 20.32, loss: 10.05148983001709, tiempo: 12239.57506608963
epoca: 20.33, loss: 6.697036266326904, tiempo: 12257.648350477219
epoca: 20.34, loss: 8.379443168640137, tiempo: 12275.534391880035
